  test.c
C:\Users\30735\source\repos\test-8-2\test-8-2\test.c(181,9): warning C4013: “printf”未定义；假设外部返回 int
C:\Users\30735\source\repos\test-8-2\test-8-2\test.c(187): warning C4716: “bin_search”: 必须返回一个值
test.obj : error LNK2019: 无法解析的外部符号 _printf，函数 _bin_search 中引用了该符号
MSVCRTD.lib(exe_main.obj) : error LNK2019: 无法解析的外部符号 _main，函数 "int __cdecl invoke_main(void)" (?invoke_main@@YAHXZ) 中引用了该符号
C:\Users\30735\source\repos\test-8-2\Debug\test-8-2.exe : fatal error LNK1120: 2 个无法解析的外部命令
